Analysis & Synthesis report for jaggy
Sat Feb 10 11:26:59 2018
Quartus Prime Version 16.1.2 Build 203 01/18/2017 SJ Lite Edition


---------------------
; Table of Contents ;
---------------------
  1. Legal Notice
  2. Analysis & Synthesis Summary
  3. Analysis & Synthesis Settings
  4. Parallel Compilation
  5. Analysis & Synthesis Source Files Read
  6. Analysis & Synthesis Resource Usage Summary
  7. Analysis & Synthesis Resource Utilization by Entity
  8. General Register Statistics
  9. Post-Synthesis Netlist Statistics for Top Partition
 10. Elapsed Time Per Partition
 11. Analysis & Synthesis Messages



----------------
; Legal Notice ;
----------------
Copyright (C) 2017  Intel Corporation. All rights reserved.
Your use of Intel Corporation's design tools, logic functions 
and other software and tools, and its AMPP partner logic 
functions, and any output files from any of the foregoing 
(including device programming or simulation files), and any 
associated documentation or information are expressly subject 
to the terms and conditions of the Intel Program License 
Subscription Agreement, the Intel Quartus Prime License Agreement,
the Intel MegaCore Function License Agreement, or other 
applicable license agreement, including, without limitation, 
that your use is for the sole purpose of programming logic 
devices manufactured by Intel and sold by Intel or its 
authorized distributors.  Please refer to the applicable 
agreement for further details.



+-------------------------------------------------------------------------------+
; Analysis & Synthesis Summary                                                  ;
+---------------------------------+---------------------------------------------+
; Analysis & Synthesis Status     ; Successful - Sat Feb 10 11:26:59 2018       ;
; Quartus Prime Version           ; 16.1.2 Build 203 01/18/2017 SJ Lite Edition ;
; Revision Name                   ; jaggy                                       ;
; Top-level Entity Name           ; jaggy                                       ;
; Family                          ; Cyclone V                                   ;
; Logic utilization (in ALMs)     ; N/A                                         ;
; Total registers                 ; 0                                           ;
; Total pins                      ; 23                                          ;
; Total virtual pins              ; 0                                           ;
; Total block memory bits         ; 0                                           ;
; Total DSP Blocks                ; 0                                           ;
; Total HSSI RX PCSs              ; 0                                           ;
; Total HSSI PMA RX Deserializers ; 0                                           ;
; Total HSSI TX PCSs              ; 0                                           ;
; Total HSSI PMA TX Serializers   ; 0                                           ;
; Total PLLs                      ; 0                                           ;
; Total DLLs                      ; 0                                           ;
+---------------------------------+---------------------------------------------+


+---------------------------------------------------------------------------------------------------------------------------+
; Analysis & Synthesis Settings                                                                                             ;
+---------------------------------------------------------------------------------+--------------------+--------------------+
; Option                                                                          ; Setting            ; Default Value      ;
+---------------------------------------------------------------------------------+--------------------+--------------------+
; Device                                                                          ; 5CEBA2F17A7        ;                    ;
; Top-level entity name                                                           ; jaggy              ; jaggy              ;
; Family name                                                                     ; Cyclone V          ; Cyclone V          ;
; Use smart compilation                                                           ; Off                ; Off                ;
; Enable parallel Assembler and TimeQuest Timing Analyzer during compilation      ; On                 ; On                 ;
; Enable compact report table                                                     ; Off                ; Off                ;
; Restructure Multiplexers                                                        ; Auto               ; Auto               ;
; MLAB Add Timing Constraints For Mixed-Port Feed-Through Mode Setting Don't Care ; Off                ; Off                ;
; Create Debugging Nodes for IP Cores                                             ; Off                ; Off                ;
; Preserve fewer node names                                                       ; On                 ; On                 ;
; OpenCore Plus hardware evaluation                                               ; Enable             ; Enable             ;
; Verilog Version                                                                 ; Verilog_2001       ; Verilog_2001       ;
; VHDL Version                                                                    ; VHDL_1993          ; VHDL_1993          ;
; State Machine Processing                                                        ; Auto               ; Auto               ;
; Safe State Machine                                                              ; Off                ; Off                ;
; Extract Verilog State Machines                                                  ; On                 ; On                 ;
; Extract VHDL State Machines                                                     ; On                 ; On                 ;
; Ignore Verilog initial constructs                                               ; Off                ; Off                ;
; Iteration limit for constant Verilog loops                                      ; 5000               ; 5000               ;
; Iteration limit for non-constant Verilog loops                                  ; 250                ; 250                ;
; Add Pass-Through Logic to Inferred RAMs                                         ; On                 ; On                 ;
; Infer RAMs from Raw Logic                                                       ; On                 ; On                 ;
; Parallel Synthesis                                                              ; On                 ; On                 ;
; DSP Block Balancing                                                             ; Auto               ; Auto               ;
; NOT Gate Push-Back                                                              ; On                 ; On                 ;
; Power-Up Don't Care                                                             ; On                 ; On                 ;
; Remove Redundant Logic Cells                                                    ; Off                ; Off                ;
; Remove Duplicate Registers                                                      ; On                 ; On                 ;
; Ignore CARRY Buffers                                                            ; Off                ; Off                ;
; Ignore CASCADE Buffers                                                          ; Off                ; Off                ;
; Ignore GLOBAL Buffers                                                           ; Off                ; Off                ;
; Ignore ROW GLOBAL Buffers                                                       ; Off                ; Off                ;
; Ignore LCELL Buffers                                                            ; Off                ; Off                ;
; Ignore SOFT Buffers                                                             ; On                 ; On                 ;
; Limit AHDL Integers to 32 Bits                                                  ; Off                ; Off                ;
; Optimization Technique                                                          ; Balanced           ; Balanced           ;
; Carry Chain Length                                                              ; 70                 ; 70                 ;
; Auto Carry Chains                                                               ; On                 ; On                 ;
; Auto Open-Drain Pins                                                            ; On                 ; On                 ;
; Perform WYSIWYG Primitive Resynthesis                                           ; Off                ; Off                ;
; Auto ROM Replacement                                                            ; On                 ; On                 ;
; Auto RAM Replacement                                                            ; On                 ; On                 ;
; Auto DSP Block Replacement                                                      ; On                 ; On                 ;
; Auto Shift Register Replacement                                                 ; Auto               ; Auto               ;
; Allow Shift Register Merging across Hierarchies                                 ; Auto               ; Auto               ;
; Auto Clock Enable Replacement                                                   ; On                 ; On                 ;
; Strict RAM Replacement                                                          ; Off                ; Off                ;
; Allow Synchronous Control Signals                                               ; On                 ; On                 ;
; Force Use of Synchronous Clear Signals                                          ; Off                ; Off                ;
; Auto Resource Sharing                                                           ; Off                ; Off                ;
; Allow Any RAM Size For Recognition                                              ; Off                ; Off                ;
; Allow Any ROM Size For Recognition                                              ; Off                ; Off                ;
; Allow Any Shift Register Size For Recognition                                   ; Off                ; Off                ;
; Use LogicLock Constraints during Resource Balancing                             ; On                 ; On                 ;
; Ignore translate_off and synthesis_off directives                               ; Off                ; Off                ;
; Timing-Driven Synthesis                                                         ; On                 ; On                 ;
; Report Parameter Settings                                                       ; On                 ; On                 ;
; Report Source Assignments                                                       ; On                 ; On                 ;
; Report Connectivity Checks                                                      ; On                 ; On                 ;
; Ignore Maximum Fan-Out Assignments                                              ; Off                ; Off                ;
; Synchronization Register Chain Length                                           ; 3                  ; 3                  ;
; PowerPlay Power Optimization During Synthesis                                   ; Normal compilation ; Normal compilation ;
; HDL message level                                                               ; Level2             ; Level2             ;
; Suppress Register Optimization Related Messages                                 ; Off                ; Off                ;
; Number of Removed Registers Reported in Synthesis Report                        ; 5000               ; 5000               ;
; Number of Swept Nodes Reported in Synthesis Report                              ; 5000               ; 5000               ;
; Number of Inverted Registers Reported in Synthesis Report                       ; 100                ; 100                ;
; Clock MUX Protection                                                            ; On                 ; On                 ;
; Auto Gated Clock Conversion                                                     ; Off                ; Off                ;
; Block Design Naming                                                             ; Auto               ; Auto               ;
; SDC constraint protection                                                       ; Off                ; Off                ;
; Synthesis Effort                                                                ; Auto               ; Auto               ;
; Shift Register Replacement - Allow Asynchronous Clear Signal                    ; On                 ; On                 ;
; Pre-Mapping Resynthesis Optimization                                            ; Off                ; Off                ;
; Analysis & Synthesis Message Level                                              ; Medium             ; Medium             ;
; Disable Register Merging Across Hierarchies                                     ; Auto               ; Auto               ;
; Resource Aware Inference For Block RAM                                          ; On                 ; On                 ;
; Automatic Parallel Synthesis                                                    ; On                 ; On                 ;
; Partial Reconfiguration Bitstream ID                                            ; Off                ; Off                ;
+---------------------------------------------------------------------------------+--------------------+--------------------+


+------------------------------------------+
; Parallel Compilation                     ;
+----------------------------+-------------+
; Processors                 ; Number      ;
+----------------------------+-------------+
; Number detected on machine ; 4           ;
; Maximum allowed            ; 4           ;
;                            ;             ;
; Average used               ; 1.00        ;
; Maximum used               ; 1           ;
;                            ;             ;
; Usage by Processor         ; % Time Used ;
;     Processor 1            ; 100.0%      ;
+----------------------------+-------------+


+------------------------------------------------------------------------------------------------------------------------------------------------------------+
; Analysis & Synthesis Source Files Read                                                                                                                     ;
+----------------------------------+-----------------+-----------------+---------------------------------------------------------------------------+---------+
; File Name with User-Entered Path ; Used in Netlist ; File Type       ; File Name with Absolute Path                                              ; Library ;
+----------------------------------+-----------------+-----------------+---------------------------------------------------------------------------+---------+
; jaggy.vhd                        ; yes             ; User VHDL File  ; D:/Google Drive/Schoolwork/Computer Architecture/Jaggy/jaggy.vhd          ;         ;
; prog_count.vhd                   ; yes             ; User VHDL File  ; D:/Google Drive/Schoolwork/Computer Architecture/Jaggy/prog_count.vhd     ;         ;
; instr_mem.vhd                    ; yes             ; User VHDL File  ; D:/Google Drive/Schoolwork/Computer Architecture/Jaggy/instr_mem.vhd      ;         ;
; contr_unit.vhd                   ; yes             ; User VHDL File  ; D:/Google Drive/Schoolwork/Computer Architecture/Jaggy/contr_unit.vhd     ;         ;
; arith_log_unit.vhd               ; yes             ; User VHDL File  ; D:/Google Drive/Schoolwork/Computer Architecture/Jaggy/arith_log_unit.vhd ;         ;
; data_mem.vhd                     ; yes             ; User VHDL File  ; D:/Google Drive/Schoolwork/Computer Architecture/Jaggy/data_mem.vhd       ;         ;
+----------------------------------+-----------------+-----------------+---------------------------------------------------------------------------+---------+


+-----------------------------------------------------+
; Analysis & Synthesis Resource Usage Summary         ;
+---------------------------------------------+-------+
; Resource                                    ; Usage ;
+---------------------------------------------+-------+
; Estimate of Logic utilization (ALMs needed) ; 0     ;
;                                             ;       ;
; Combinational ALUT usage for logic          ; 0     ;
;     -- 7 input functions                    ; 0     ;
;     -- 6 input functions                    ; 0     ;
;     -- 5 input functions                    ; 0     ;
;     -- 4 input functions                    ; 0     ;
;     -- <=3 input functions                  ; 0     ;
;                                             ;       ;
; Dedicated logic registers                   ; 0     ;
;                                             ;       ;
; I/O pins                                    ; 23    ;
;                                             ;       ;
; Total DSP Blocks                            ; 0     ;
;                                             ;       ;
; Maximum fan-out node                        ; a     ;
; Maximum fan-out                             ; 1     ;
; Total fan-out                               ; 23    ;
; Average fan-out                             ; 0.50  ;
+---------------------------------------------+-------+


+----------------------------------------------------------------------------------------------------------------------------------------------------------------------------------------+
; Analysis & Synthesis Resource Utilization by Entity                                                                                                                                    ;
+----------------------------+---------------------+---------------------------+-------------------+------------+------+--------------+---------------------+-------------+--------------+
; Compilation Hierarchy Node ; Combinational ALUTs ; Dedicated Logic Registers ; Block Memory Bits ; DSP Blocks ; Pins ; Virtual Pins ; Full Hierarchy Name ; Entity Name ; Library Name ;
+----------------------------+---------------------+---------------------------+-------------------+------------+------+--------------+---------------------+-------------+--------------+
; |jaggy                     ; 0 (0)               ; 0 (0)                     ; 0                 ; 0          ; 23   ; 0            ; |jaggy              ; jaggy       ; work         ;
+----------------------------+---------------------+---------------------------+-------------------+------------+------+--------------+---------------------+-------------+--------------+
Note: For table entries with two numbers listed, the numbers in parentheses indicate the number of resources of the given type used by the specific entity alone. The numbers listed outside of parentheses indicate the total resources of the given type used by the specific entity and all of its sub-entities in the hierarchy.


+------------------------------------------------------+
; General Register Statistics                          ;
+----------------------------------------------+-------+
; Statistic                                    ; Value ;
+----------------------------------------------+-------+
; Total registers                              ; 0     ;
; Number of registers using Synchronous Clear  ; 0     ;
; Number of registers using Synchronous Load   ; 0     ;
; Number of registers using Asynchronous Clear ; 0     ;
; Number of registers using Asynchronous Load  ; 0     ;
; Number of registers using Clock Enable       ; 0     ;
; Number of registers using Preset             ; 0     ;
+----------------------------------------------+-------+


+-----------------------------------------------------+
; Post-Synthesis Netlist Statistics for Top Partition ;
+-----------------------+-----------------------------+
; Type                  ; Count                       ;
+-----------------------+-----------------------------+
; arriav_lcell_comb     ; 1                           ;
;     normal            ; 1                           ;
;         0 data inputs ; 1                           ;
; boundary_port         ; 23                          ;
;                       ;                             ;
; Max LUT depth         ; 0.00                        ;
; Average LUT depth     ; 0.00                        ;
+-----------------------+-----------------------------+


+-------------------------------+
; Elapsed Time Per Partition    ;
+----------------+--------------+
; Partition Name ; Elapsed Time ;
+----------------+--------------+
; Top            ; 00:00:00     ;
+----------------+--------------+


+-------------------------------+
; Analysis & Synthesis Messages ;
+-------------------------------+
Info: *******************************************************************
Info: Running Quartus Prime Analysis & Synthesis
    Info: Version 16.1.2 Build 203 01/18/2017 SJ Lite Edition
    Info: Processing started: Sat Feb 10 11:26:46 2018
Info: Command: quartus_map --read_settings_files=on --write_settings_files=off jaggy -c jaggy
Warning (18236): Number of processors has not been specified which may cause overloading on shared machines.  Set the global assignment NUM_PARALLEL_PROCESSORS in your QSF to an appropriate value for best performance.
Info (20030): Parallel compilation is enabled and will use 4 of the 4 processors detected
Info (12021): Found 2 design units, including 1 entities, in source file jaggy.vhd
    Info (12022): Found design unit 1: jaggy-struct File: D:/Google Drive/Schoolwork/Computer Architecture/Jaggy/jaggy.vhd Line: 12
    Info (12023): Found entity 1: jaggy File: D:/Google Drive/Schoolwork/Computer Architecture/Jaggy/jaggy.vhd Line: 6
Info (12021): Found 9 design units, including 3 entities, in source file examples.vhd
    Info (12022): Found design unit 1: half_adder-dataflow File: D:/Google Drive/Schoolwork/Computer Architecture/Jaggy/examples.vhd Line: 16
    Info (12022): Found design unit 2: half_adder-dataflow2 File: D:/Google Drive/Schoolwork/Computer Architecture/Jaggy/examples.vhd Line: 22
    Info (12022): Found design unit 3: half_adder-behavior File: D:/Google Drive/Schoolwork/Computer Architecture/Jaggy/examples.vhd Line: 30
    Info (12022): Found design unit 4: xor_2-dataflow File: D:/Google Drive/Schoolwork/Computer Architecture/Jaggy/examples.vhd Line: 55
    Info (12022): Found design unit 5: and_2-dataflow File: D:/Google Drive/Schoolwork/Computer Architecture/Jaggy/examples.vhd Line: 68
    Info (12022): Found design unit 6: half_adder-structure File: D:/Google Drive/Schoolwork/Computer Architecture/Jaggy/examples.vhd Line: 73
    Info (12023): Found entity 1: half_adder File: D:/Google Drive/Schoolwork/Computer Architecture/Jaggy/examples.vhd Line: 6
    Info (12023): Found entity 2: xor_2 File: D:/Google Drive/Schoolwork/Computer Architecture/Jaggy/examples.vhd Line: 50
    Info (12023): Found entity 3: and_2 File: D:/Google Drive/Schoolwork/Computer Architecture/Jaggy/examples.vhd Line: 63
Info (12021): Found 2 design units, including 1 entities, in source file halfadderex.vhd
    Info (12022): Found design unit 1: half_addertb-dataflow File: D:/Google Drive/Schoolwork/Computer Architecture/Jaggy/halfadderex.vhd Line: 12
    Info (12023): Found entity 1: half_addertb File: D:/Google Drive/Schoolwork/Computer Architecture/Jaggy/halfadderex.vhd Line: 7
Info (12021): Found 2 design units, including 1 entities, in source file testbenchex.vhd
    Info (12022): Found design unit 1: testbench-behavior File: D:/Google Drive/Schoolwork/Computer Architecture/Jaggy/testbenchex.vhd Line: 9
    Info (12023): Found entity 1: testbench File: D:/Google Drive/Schoolwork/Computer Architecture/Jaggy/testbenchex.vhd Line: 6
Info (12021): Found 2 design units, including 1 entities, in source file prog_count.vhd
    Info (12022): Found design unit 1: prog_count-struct File: D:/Google Drive/Schoolwork/Computer Architecture/Jaggy/prog_count.vhd Line: 10
    Info (12023): Found entity 1: prog_count File: D:/Google Drive/Schoolwork/Computer Architecture/Jaggy/prog_count.vhd Line: 5
Info (12021): Found 2 design units, including 1 entities, in source file instr_mem.vhd
    Info (12022): Found design unit 1: instr_mem-struct File: D:/Google Drive/Schoolwork/Computer Architecture/Jaggy/instr_mem.vhd Line: 11
    Info (12023): Found entity 1: instr_mem File: D:/Google Drive/Schoolwork/Computer Architecture/Jaggy/instr_mem.vhd Line: 6
Info (12021): Found 2 design units, including 1 entities, in source file contr_unit.vhd
    Info (12022): Found design unit 1: contr_unit-struct File: D:/Google Drive/Schoolwork/Computer Architecture/Jaggy/contr_unit.vhd Line: 10
    Info (12023): Found entity 1: contr_unit File: D:/Google Drive/Schoolwork/Computer Architecture/Jaggy/contr_unit.vhd Line: 5
Info (12021): Found 2 design units, including 1 entities, in source file arith_log_unit.vhd
    Info (12022): Found design unit 1: arith_log_unit-struct File: D:/Google Drive/Schoolwork/Computer Architecture/Jaggy/arith_log_unit.vhd Line: 10
    Info (12023): Found entity 1: arith_log_unit File: D:/Google Drive/Schoolwork/Computer Architecture/Jaggy/arith_log_unit.vhd Line: 5
Info (12021): Found 2 design units, including 1 entities, in source file data_mem.vhd
    Info (12022): Found design unit 1: data_mem-struct File: D:/Google Drive/Schoolwork/Computer Architecture/Jaggy/data_mem.vhd Line: 10
    Info (12023): Found entity 1: data_mem File: D:/Google Drive/Schoolwork/Computer Architecture/Jaggy/data_mem.vhd Line: 5
Info (12127): Elaborating entity "jaggy" for the top level hierarchy
Info (12128): Elaborating entity "prog_count" for hierarchy "prog_count:pc" File: D:/Google Drive/Schoolwork/Computer Architecture/Jaggy/jaggy.vhd Line: 16
Warning (10541): VHDL Signal Declaration warning at prog_count.vhd(7): used implicit default value for signal "addr_out" because signal was never assigned a value or an explicit default value. Use of implicit default value may introduce unintended design optimizations. File: D:/Google Drive/Schoolwork/Computer Architecture/Jaggy/prog_count.vhd Line: 7
Info (12128): Elaborating entity "instr_mem" for hierarchy "instr_mem:im" File: D:/Google Drive/Schoolwork/Computer Architecture/Jaggy/jaggy.vhd Line: 18
Warning (10541): VHDL Signal Declaration warning at instr_mem.vhd(8): used implicit default value for signal "readdata1" because signal was never assigned a value or an explicit default value. Use of implicit default value may introduce unintended design optimizations. File: D:/Google Drive/Schoolwork/Computer Architecture/Jaggy/instr_mem.vhd Line: 8
Warning (10541): VHDL Signal Declaration warning at instr_mem.vhd(8): used implicit default value for signal "readdata2" because signal was never assigned a value or an explicit default value. Use of implicit default value may introduce unintended design optimizations. File: D:/Google Drive/Schoolwork/Computer Architecture/Jaggy/instr_mem.vhd Line: 8
Info (12128): Elaborating entity "contr_unit" for hierarchy "contr_unit:cu" File: D:/Google Drive/Schoolwork/Computer Architecture/Jaggy/jaggy.vhd Line: 20
Warning (10541): VHDL Signal Declaration warning at contr_unit.vhd(7): used implicit default value for signal "RegDst" because signal was never assigned a value or an explicit default value. Use of implicit default value may introduce unintended design optimizations. File: D:/Google Drive/Schoolwork/Computer Architecture/Jaggy/contr_unit.vhd Line: 7
Warning (10541): VHDL Signal Declaration warning at contr_unit.vhd(7): used implicit default value for signal "RegWrite" because signal was never assigned a value or an explicit default value. Use of implicit default value may introduce unintended design optimizations. File: D:/Google Drive/Schoolwork/Computer Architecture/Jaggy/contr_unit.vhd Line: 7
Warning (10541): VHDL Signal Declaration warning at contr_unit.vhd(7): used implicit default value for signal "ALUSrc" because signal was never assigned a value or an explicit default value. Use of implicit default value may introduce unintended design optimizations. File: D:/Google Drive/Schoolwork/Computer Architecture/Jaggy/contr_unit.vhd Line: 7
Warning (10541): VHDL Signal Declaration warning at contr_unit.vhd(7): used implicit default value for signal "PCSrc" because signal was never assigned a value or an explicit default value. Use of implicit default value may introduce unintended design optimizations. File: D:/Google Drive/Schoolwork/Computer Architecture/Jaggy/contr_unit.vhd Line: 7
Warning (10541): VHDL Signal Declaration warning at contr_unit.vhd(7): used implicit default value for signal "MemRead" because signal was never assigned a value or an explicit default value. Use of implicit default value may introduce unintended design optimizations. File: D:/Google Drive/Schoolwork/Computer Architecture/Jaggy/contr_unit.vhd Line: 7
Warning (10541): VHDL Signal Declaration warning at contr_unit.vhd(7): used implicit default value for signal "MemWrite" because signal was never assigned a value or an explicit default value. Use of implicit default value may introduce unintended design optimizations. File: D:/Google Drive/Schoolwork/Computer Architecture/Jaggy/contr_unit.vhd Line: 7
Warning (10541): VHDL Signal Declaration warning at contr_unit.vhd(7): used implicit default value for signal "MemtoReg" because signal was never assigned a value or an explicit default value. Use of implicit default value may introduce unintended design optimizations. File: D:/Google Drive/Schoolwork/Computer Architecture/Jaggy/contr_unit.vhd Line: 7
Info (12128): Elaborating entity "arith_log_unit" for hierarchy "arith_log_unit:alu" File: D:/Google Drive/Schoolwork/Computer Architecture/Jaggy/jaggy.vhd Line: 22
Warning (10541): VHDL Signal Declaration warning at arith_log_unit.vhd(7): used implicit default value for signal "dataout" because signal was never assigned a value or an explicit default value. Use of implicit default value may introduce unintended design optimizations. File: D:/Google Drive/Schoolwork/Computer Architecture/Jaggy/arith_log_unit.vhd Line: 7
Info (12128): Elaborating entity "data_mem" for hierarchy "data_mem:dm" File: D:/Google Drive/Schoolwork/Computer Architecture/Jaggy/jaggy.vhd Line: 24
Warning (10541): VHDL Signal Declaration warning at data_mem.vhd(7): used implicit default value for signal "readdata" because signal was never assigned a value or an explicit default value. Use of implicit default value may introduce unintended design optimizations. File: D:/Google Drive/Schoolwork/Computer Architecture/Jaggy/data_mem.vhd Line: 7
Warning (13024): Output pins are stuck at VCC or GND
    Warning (13410): Pin "r" is stuck at GND File: D:/Google Drive/Schoolwork/Computer Architecture/Jaggy/jaggy.vhd Line: 9
    Warning (13410): Pin "r1" is stuck at GND File: D:/Google Drive/Schoolwork/Computer Architecture/Jaggy/jaggy.vhd Line: 9
    Warning (13410): Pin "r2" is stuck at GND File: D:/Google Drive/Schoolwork/Computer Architecture/Jaggy/jaggy.vhd Line: 9
    Warning (13410): Pin "r3" is stuck at GND File: D:/Google Drive/Schoolwork/Computer Architecture/Jaggy/jaggy.vhd Line: 9
    Warning (13410): Pin "r4" is stuck at GND File: D:/Google Drive/Schoolwork/Computer Architecture/Jaggy/jaggy.vhd Line: 9
    Warning (13410): Pin "s" is stuck at GND File: D:/Google Drive/Schoolwork/Computer Architecture/Jaggy/jaggy.vhd Line: 9
    Warning (13410): Pin "s1" is stuck at GND File: D:/Google Drive/Schoolwork/Computer Architecture/Jaggy/jaggy.vhd Line: 9
    Warning (13410): Pin "t" is stuck at GND File: D:/Google Drive/Schoolwork/Computer Architecture/Jaggy/jaggy.vhd Line: 9
    Warning (13410): Pin "u" is stuck at GND File: D:/Google Drive/Schoolwork/Computer Architecture/Jaggy/jaggy.vhd Line: 9
    Warning (13410): Pin "v" is stuck at GND File: D:/Google Drive/Schoolwork/Computer Architecture/Jaggy/jaggy.vhd Line: 9
    Warning (13410): Pin "w" is stuck at GND File: D:/Google Drive/Schoolwork/Computer Architecture/Jaggy/jaggy.vhd Line: 9
    Warning (13410): Pin "x" is stuck at GND File: D:/Google Drive/Schoolwork/Computer Architecture/Jaggy/jaggy.vhd Line: 9
Info (16010): Generating hard_block partition "hard_block:auto_generated_inst"
    Info (16011): Adding 0 node(s), including 0 DDIO, 0 PLL, 0 transceiver and 0 LCELL
Warning (21074): Design contains 11 input pin(s) that do not drive logic
    Warning (15610): No output dependent on input pin "a" File: D:/Google Drive/Schoolwork/Computer Architecture/Jaggy/jaggy.vhd Line: 8
    Warning (15610): No output dependent on input pin "a2" File: D:/Google Drive/Schoolwork/Computer Architecture/Jaggy/jaggy.vhd Line: 8
    Warning (15610): No output dependent on input pin "a3" File: D:/Google Drive/Schoolwork/Computer Architecture/Jaggy/jaggy.vhd Line: 8
    Warning (15610): No output dependent on input pin "a4" File: D:/Google Drive/Schoolwork/Computer Architecture/Jaggy/jaggy.vhd Line: 8
    Warning (15610): No output dependent on input pin "a5" File: D:/Google Drive/Schoolwork/Computer Architecture/Jaggy/jaggy.vhd Line: 8
    Warning (15610): No output dependent on input pin "b" File: D:/Google Drive/Schoolwork/Computer Architecture/Jaggy/jaggy.vhd Line: 8
    Warning (15610): No output dependent on input pin "b2" File: D:/Google Drive/Schoolwork/Computer Architecture/Jaggy/jaggy.vhd Line: 8
    Warning (15610): No output dependent on input pin "b3" File: D:/Google Drive/Schoolwork/Computer Architecture/Jaggy/jaggy.vhd Line: 8
    Warning (15610): No output dependent on input pin "c" File: D:/Google Drive/Schoolwork/Computer Architecture/Jaggy/jaggy.vhd Line: 8
    Warning (15610): No output dependent on input pin "d" File: D:/Google Drive/Schoolwork/Computer Architecture/Jaggy/jaggy.vhd Line: 8
    Warning (15610): No output dependent on input pin "e" File: D:/Google Drive/Schoolwork/Computer Architecture/Jaggy/jaggy.vhd Line: 8
Info (21057): Implemented 23 device resources after synthesis - the final resource count might be different
    Info (21058): Implemented 11 input pins
    Info (21059): Implemented 12 output pins
Info: Quartus Prime Analysis & Synthesis was successful. 0 errors, 38 warnings
    Info: Peak virtual memory: 774 megabytes
    Info: Processing ended: Sat Feb 10 11:26:59 2018
    Info: Elapsed time: 00:00:13
    Info: Total CPU time (on all processors): 00:00:19


